{
  "stats": {
    "suites": 2,
    "tests": 4,
    "passes": 4,
    "pending": 0,
    "failures": 0,
    "start": "2021-09-19T09:48:16.493Z",
    "end": "2021-09-19T09:58:36.052Z",
    "duration": 619559,
    "testsRegistered": 4,
    "passPercent": 100,
    "pendingPercent": 0,
    "other": 0,
    "hasOther": false,
    "skipped": 0,
    "hasSkipped": false
  },
  "results": [
    {
      "uuid": "26164aa0-ce46-4c63-a3a8-1336923a08ed",
      "title": "",
      "fullFile": "cypress/integration/requestsTests.js",
      "file": "cypress/integration/requestsTests.js",
      "beforeHooks": [],
      "afterHooks": [],
      "tests": [],
      "suites": [
        {
          "uuid": "1576922f-242d-4524-b19a-a6e0795160d2",
          "title": "requestsTests live desktop",
          "fullFile": "",
          "file": "",
          "beforeHooks": [],
          "afterHooks": [],
          "tests": [
            {
              "title": "Error message for api response with a delay of 5 minutes when",
              "fullTitle": "requestsTests live desktop Error message for api response with a delay of 5 minutes when",
              "timedOut": null,
              "duration": 307068,
              "state": "passed",
              "speed": "slow",
              "pass": true,
              "fail": false,
              "pending": false,
              "context": "\"videos/requestsTests.js.mp4\"",
              "code": "cy.transliterateRequest({\n  url: 'api',\n  message: 'אופס יש לנו בעיה נסו שנית, או בקרו באתר מאוחר יותר',\n  delaySeconds: 60 * 5\n});",
              "err": {},
              "uuid": "8c2ae155-0642-4fce-bd8f-07b2d0906596",
              "parentUUID": "1576922f-242d-4524-b19a-a6e0795160d2",
              "isHook": false,
              "skipped": false
            },
            {
              "title": "Error message for api response with status code 500",
              "fullTitle": "requestsTests live desktop Error message for api response with status code 500",
              "timedOut": null,
              "duration": 5608,
              "state": "passed",
              "speed": "slow",
              "pass": true,
              "fail": false,
              "pending": false,
              "context": "\"videos/requestsTests.js.mp4\"",
              "code": "cy.transliterateRequest({\n  url: 'api',\n  status: 500,\n  message: 'אופס יש לנו בעיה נסו שנית, או בקרו באתר מאוחר יותר'\n});",
              "err": {},
              "uuid": "fe1e940b-0235-421c-9924-17d7d1e1ce2a",
              "parentUUID": "1576922f-242d-4524-b19a-a6e0795160d2",
              "isHook": false,
              "skipped": false
            }
          ],
          "suites": [],
          "passes": [
            "8c2ae155-0642-4fce-bd8f-07b2d0906596",
            "fe1e940b-0235-421c-9924-17d7d1e1ce2a"
          ],
          "failures": [],
          "pending": [],
          "skipped": [],
          "duration": 312676,
          "root": false,
          "rootEmpty": false,
          "_timeout": 2000
        },
        {
          "uuid": "9dec4b03-564e-439a-ab22-f292cc971e50",
          "title": "requestsTests live mobile",
          "fullFile": "",
          "file": "",
          "beforeHooks": [],
          "afterHooks": [],
          "tests": [
            {
              "title": "Error message for api response with a delay of 5 minutes when",
              "fullTitle": "requestsTests live mobile Error message for api response with a delay of 5 minutes when",
              "timedOut": null,
              "duration": 301480,
              "state": "passed",
              "speed": "slow",
              "pass": true,
              "fail": false,
              "pending": false,
              "context": "\"videos/requestsTests.js.mp4\"",
              "code": "cy.transliterateRequest({\n  url: 'api',\n  message: 'אופס יש לנו בעיה נסו שנית, או בקרו באתר מאוחר יותר',\n  delaySeconds: 60 * 5\n});",
              "err": {},
              "uuid": "7f4963b4-e2cc-45c4-bd47-3bba85fcaea9",
              "parentUUID": "9dec4b03-564e-439a-ab22-f292cc971e50",
              "isHook": false,
              "skipped": false
            },
            {
              "title": "Error message for api response with status code 500",
              "fullTitle": "requestsTests live mobile Error message for api response with status code 500",
              "timedOut": null,
              "duration": 5082,
              "state": "passed",
              "speed": "slow",
              "pass": true,
              "fail": false,
              "pending": false,
              "context": "\"videos/requestsTests.js.mp4\"",
              "code": "cy.transliterateRequest({\n  url: 'api',\n  status: 500,\n  message: 'אופס יש לנו בעיה נסו שנית, או בקרו באתר מאוחר יותר'\n});",
              "err": {},
              "uuid": "b0c520aa-65e3-4157-aa88-4d5218777c37",
              "parentUUID": "9dec4b03-564e-439a-ab22-f292cc971e50",
              "isHook": false,
              "skipped": false
            }
          ],
          "suites": [],
          "passes": [
            "7f4963b4-e2cc-45c4-bd47-3bba85fcaea9",
            "b0c520aa-65e3-4157-aa88-4d5218777c37"
          ],
          "failures": [],
          "pending": [],
          "skipped": [],
          "duration": 306562,
          "root": false,
          "rootEmpty": false,
          "_timeout": 2000
        }
      ],
      "passes": [],
      "failures": [],
      "pending": [],
      "skipped": [],
      "duration": 0,
      "root": true,
      "rootEmpty": true,
      "_timeout": 2000
    }
  ],
  "meta": {
    "mocha": {
      "version": "7.0.1"
    },
    "mochawesome": {
      "options": {
        "quiet": false,
        "reportFilename": "mochawesome",
        "saveHtml": false,
        "saveJson": true,
        "consoleReporter": "spec",
        "useInlineDiffs": false,
        "code": true
      },
      "version": "6.2.2"
    },
    "marge": {
      "options": {
        "id": "default",
        "reportDir": "cypress/results/json",
        "overwrite": false,
        "html": false,
        "json": true
      },
      "version": "5.2.0"
    }
  }
}